{
  "C:\\Users\\minha\\Downloads\\BTI\\fragments-service\\backend\\src\\app.js": {
    "path": "C:\\Users\\minha\\Downloads\\BTI\\fragments-service\\backend\\src\\app.js",
    "statementMap": {
      "0": {
        "start": { "line": 10, "column": 12 },
        "end": { "line": 10, "column": 21 }
      },
      "1": {
        "start": { "line": 12, "column": 0 },
        "end": { "line": 12, "column": 30 }
      },
      "2": {
        "start": { "line": 14, "column": 0 },
        "end": { "line": 14, "column": 18 }
      },
      "3": {
        "start": { "line": 15, "column": 0 },
        "end": { "line": 15, "column": 16 }
      },
      "4": {
        "start": { "line": 17, "column": 0 },
        "end": { "line": 17, "column": 42 }
      },
      "5": {
        "start": { "line": 18, "column": 0 },
        "end": { "line": 18, "column": 49 }
      },
      "6": {
        "start": { "line": 20, "column": 0 },
        "end": { "line": 20, "column": 27 }
      },
      "7": {
        "start": { "line": 21, "column": 0 },
        "end": { "line": 21, "column": 29 }
      },
      "8": {
        "start": { "line": 22, "column": 0 },
        "end": { "line": 22, "column": 42 }
      },
      "9": {
        "start": { "line": 24, "column": 0 },
        "end": { "line": 27, "column": 3 }
      },
      "10": {
        "start": { "line": 25, "column": 2 },
        "end": { "line": 25, "column": 56 }
      },
      "11": {
        "start": { "line": 26, "column": 2 },
        "end": { "line": 26, "column": 88 }
      },
      "12": {
        "start": { "line": 29, "column": 0 },
        "end": { "line": 34, "column": 3 }
      },
      "13": {
        "start": { "line": 30, "column": 15 },
        "end": { "line": 30, "column": 50 }
      },
      "14": {
        "start": { "line": 31, "column": 18 },
        "end": { "line": 31, "column": 56 }
      },
      "15": {
        "start": { "line": 32, "column": 2 },
        "end": { "line": 32, "column": 51 }
      },
      "16": {
        "start": { "line": 33, "column": 2 },
        "end": { "line": 33, "column": 71 }
      }
    },
    "fnMap": {
      "0": {
        "name": "(anonymous_0)",
        "decl": {
          "start": { "line": 24, "column": 8 },
          "end": { "line": 24, "column": 9 }
        },
        "loc": {
          "start": { "line": 24, "column": 22 },
          "end": { "line": 27, "column": 1 }
        },
        "line": 24
      },
      "1": {
        "name": "(anonymous_1)",
        "decl": {
          "start": { "line": 29, "column": 8 },
          "end": { "line": 29, "column": 9 }
        },
        "loc": {
          "start": { "line": 29, "column": 34 },
          "end": { "line": 34, "column": 1 }
        },
        "line": 29
      }
    },
    "branchMap": {
      "0": {
        "loc": {
          "start": { "line": 30, "column": 15 },
          "end": { "line": 30, "column": 50 }
        },
        "type": "binary-expr",
        "locations": [
          {
            "start": { "line": 30, "column": 15 },
            "end": { "line": 30, "column": 29 }
          },
          {
            "start": { "line": 30, "column": 33 },
            "end": { "line": 30, "column": 43 }
          },
          {
            "start": { "line": 30, "column": 47 },
            "end": { "line": 30, "column": 50 }
          }
        ],
        "line": 30
      },
      "1": {
        "loc": {
          "start": { "line": 31, "column": 18 },
          "end": { "line": 31, "column": 56 }
        },
        "type": "binary-expr",
        "locations": [
          {
            "start": { "line": 31, "column": 18 },
            "end": { "line": 31, "column": 29 }
          },
          {
            "start": { "line": 31, "column": 33 },
            "end": { "line": 31, "column": 56 }
          }
        ],
        "line": 31
      }
    },
    "s": {
      "0": 1,
      "1": 1,
      "2": 1,
      "3": 1,
      "4": 1,
      "5": 1,
      "6": 1,
      "7": 1,
      "8": 1,
      "9": 1,
      "10": 0,
      "11": 0,
      "12": 1,
      "13": 0,
      "14": 0,
      "15": 0,
      "16": 0
    },
    "f": { "0": 0, "1": 0 },
    "b": { "0": [0, 0, 0], "1": [0, 0] },
    "inputSourceMap": null,
    "_coverageSchema": "1a1c01bbd47fc00a2c39e90264f33305004495a9",
    "hash": "55801c20c43f65614d478f81778981861d843849"
  },
  "C:\\Users\\minha\\Downloads\\BTI\\fragments-service\\backend\\src\\config.js": {
    "path": "C:\\Users\\minha\\Downloads\\BTI\\fragments-service\\backend\\src\\config.js",
    "statementMap": {
      "0": {
        "start": { "line": 2, "column": 0 },
        "end": { "line": 2, "column": 16 }
      },
      "1": {
        "start": { "line": 4, "column": 20 },
        "end": { "line": 4, "column": 44 }
      },
      "2": {
        "start": { "line": 5, "column": 23 },
        "end": { "line": 5, "column": 72 }
      },
      "3": {
        "start": { "line": 6, "column": 31 },
        "end": { "line": 6, "column": 70 }
      }
    },
    "fnMap": {},
    "branchMap": {
      "0": {
        "loc": {
          "start": { "line": 4, "column": 20 },
          "end": { "line": 4, "column": 44 }
        },
        "type": "binary-expr",
        "locations": [
          {
            "start": { "line": 4, "column": 20 },
            "end": { "line": 4, "column": 36 }
          },
          {
            "start": { "line": 4, "column": 40 },
            "end": { "line": 4, "column": 44 }
          }
        ],
        "line": 4
      },
      "1": {
        "loc": {
          "start": { "line": 5, "column": 23 },
          "end": { "line": 5, "column": 72 }
        },
        "type": "binary-expr",
        "locations": [
          {
            "start": { "line": 5, "column": 23 },
            "end": { "line": 5, "column": 42 }
          },
          {
            "start": { "line": 5, "column": 46 },
            "end": { "line": 5, "column": 72 }
          }
        ],
        "line": 5
      },
      "2": {
        "loc": {
          "start": { "line": 6, "column": 31 },
          "end": { "line": 6, "column": 70 }
        },
        "type": "binary-expr",
        "locations": [
          {
            "start": { "line": 6, "column": 31 },
            "end": { "line": 6, "column": 58 }
          },
          {
            "start": { "line": 6, "column": 62 },
            "end": { "line": 6, "column": 70 }
          }
        ],
        "line": 6
      }
    },
    "s": { "0": 1, "1": 1, "2": 1, "3": 1 },
    "f": {},
    "b": { "0": [1, 0], "1": [1, 1], "2": [1, 0] },
    "inputSourceMap": null,
    "_coverageSchema": "1a1c01bbd47fc00a2c39e90264f33305004495a9",
    "hash": "695cfb08ebc0724397aff86ec4fcd20106bec524"
  },
  "C:\\Users\\minha\\Downloads\\BTI\\fragments-service\\backend\\src\\logger.js": {
    "path": "C:\\Users\\minha\\Downloads\\BTI\\fragments-service\\backend\\src\\logger.js",
    "statementMap": {
      "0": {
        "start": { "line": 3, "column": 15 },
        "end": { "line": 9, "column": 2 }
      }
    },
    "fnMap": {},
    "branchMap": {
      "0": {
        "loc": {
          "start": { "line": 4, "column": 9 },
          "end": { "line": 4, "column": 40 }
        },
        "type": "binary-expr",
        "locations": [
          {
            "start": { "line": 4, "column": 9 },
            "end": { "line": 4, "column": 30 }
          },
          {
            "start": { "line": 4, "column": 34 },
            "end": { "line": 4, "column": 40 }
          }
        ],
        "line": 4
      },
      "1": {
        "loc": {
          "start": { "line": 6, "column": 4 },
          "end": { "line": 8, "column": 17 }
        },
        "type": "cond-expr",
        "locations": [
          {
            "start": { "line": 7, "column": 8 },
            "end": { "line": 7, "column": 93 }
          },
          {
            "start": { "line": 8, "column": 8 },
            "end": { "line": 8, "column": 17 }
          }
        ],
        "line": 6
      }
    },
    "s": { "0": 1 },
    "f": {},
    "b": { "0": [1, 1], "1": [1, 0] },
    "inputSourceMap": null,
    "_coverageSchema": "1a1c01bbd47fc00a2c39e90264f33305004495a9",
    "hash": "80874aa6d297ad4a892b75d4f7c37d58b4eb2d83"
  },
  "C:\\Users\\minha\\Downloads\\BTI\\fragments-service\\backend\\src\\auth\\auth-middleware.js": {
    "path": "C:\\Users\\minha\\Downloads\\BTI\\fragments-service\\backend\\src\\auth\\auth-middleware.js",
    "statementMap": {
      "0": {
        "start": { "line": 5, "column": 2 },
        "end": { "line": 5, "column": 87 }
      },
      "1": {
        "start": { "line": 14, "column": 2 },
        "end": { "line": 33, "column": 4 }
      },
      "2": {
        "start": { "line": 15, "column": 4 },
        "end": { "line": 32, "column": 23 }
      },
      "3": {
        "start": { "line": 16, "column": 6 },
        "end": { "line": 16, "column": 32 }
      },
      "4": {
        "start": { "line": 16, "column": 15 },
        "end": { "line": 16, "column": 32 }
      },
      "5": {
        "start": { "line": 18, "column": 6 },
        "end": { "line": 27, "column": 7 }
      },
      "6": {
        "start": { "line": 19, "column": 8 },
        "end": { "line": 23, "column": 9 }
      },
      "7": {
        "start": { "line": 20, "column": 10 },
        "end": { "line": 20, "column": 65 }
      },
      "8": {
        "start": { "line": 21, "column": 15 },
        "end": { "line": 23, "column": 9 }
      },
      "9": {
        "start": { "line": 22, "column": 10 },
        "end": { "line": 22, "column": 48 }
      },
      "10": {
        "start": { "line": 24, "column": 8 },
        "end": { "line": 26, "column": 84 }
      },
      "11": {
        "start": { "line": 29, "column": 20 },
        "end": { "line": 29, "column": 64 }
      },
      "12": {
        "start": { "line": 30, "column": 6 },
        "end": { "line": 30, "column": 44 }
      },
      "13": {
        "start": { "line": 31, "column": 6 },
        "end": { "line": 31, "column": 20 }
      }
    },
    "fnMap": {
      "0": {
        "name": "sha256",
        "decl": {
          "start": { "line": 4, "column": 9 },
          "end": { "line": 4, "column": 15 }
        },
        "loc": {
          "start": { "line": 4, "column": 23 },
          "end": { "line": 6, "column": 1 }
        },
        "line": 4
      },
      "1": {
        "name": "authorize",
        "decl": {
          "start": { "line": 13, "column": 24 },
          "end": { "line": 13, "column": 33 }
        },
        "loc": {
          "start": { "line": 13, "column": 48 },
          "end": { "line": 34, "column": 1 }
        },
        "line": 13
      },
      "2": {
        "name": "(anonymous_2)",
        "decl": {
          "start": { "line": 14, "column": 9 },
          "end": { "line": 14, "column": 10 }
        },
        "loc": {
          "start": { "line": 14, "column": 29 },
          "end": { "line": 33, "column": 3 }
        },
        "line": 14
      },
      "3": {
        "name": "(anonymous_3)",
        "decl": {
          "start": { "line": 15, "column": 60 },
          "end": { "line": 15, "column": 61 }
        },
        "loc": {
          "start": { "line": 15, "column": 82 },
          "end": { "line": 32, "column": 5 }
        },
        "line": 15
      }
    },
    "branchMap": {
      "0": {
        "loc": {
          "start": { "line": 16, "column": 6 },
          "end": { "line": 16, "column": 32 }
        },
        "type": "if",
        "locations": [
          {
            "start": { "line": 16, "column": 6 },
            "end": { "line": 16, "column": 32 }
          },
          { "start": {}, "end": {} }
        ],
        "line": 16
      },
      "1": {
        "loc": {
          "start": { "line": 18, "column": 6 },
          "end": { "line": 27, "column": 7 }
        },
        "type": "if",
        "locations": [
          {
            "start": { "line": 18, "column": 6 },
            "end": { "line": 27, "column": 7 }
          },
          { "start": {}, "end": {} }
        ],
        "line": 18
      },
      "2": {
        "loc": {
          "start": { "line": 19, "column": 8 },
          "end": { "line": 23, "column": 9 }
        },
        "type": "if",
        "locations": [
          {
            "start": { "line": 19, "column": 8 },
            "end": { "line": 23, "column": 9 }
          },
          {
            "start": { "line": 21, "column": 15 },
            "end": { "line": 23, "column": 9 }
          }
        ],
        "line": 19
      },
      "3": {
        "loc": {
          "start": { "line": 21, "column": 15 },
          "end": { "line": 23, "column": 9 }
        },
        "type": "if",
        "locations": [
          {
            "start": { "line": 21, "column": 15 },
            "end": { "line": 23, "column": 9 }
          },
          { "start": {}, "end": {} }
        ],
        "line": 21
      },
      "4": {
        "loc": {
          "start": { "line": 29, "column": 21 },
          "end": { "line": 29, "column": 49 }
        },
        "type": "binary-expr",
        "locations": [
          {
            "start": { "line": 29, "column": 21 },
            "end": { "line": 29, "column": 31 }
          },
          {
            "start": { "line": 29, "column": 35 },
            "end": { "line": 29, "column": 43 }
          },
          {
            "start": { "line": 29, "column": 47 },
            "end": { "line": 29, "column": 49 }
          }
        ],
        "line": 29
      }
    },
    "s": {
      "0": 11,
      "1": 1,
      "2": 12,
      "3": 12,
      "4": 0,
      "5": 12,
      "6": 1,
      "7": 1,
      "8": 0,
      "9": 0,
      "10": 1,
      "11": 11,
      "12": 11,
      "13": 11
    },
    "f": { "0": 11, "1": 1, "2": 12, "3": 12 },
    "b": {
      "0": [0, 12],
      "1": [1, 11],
      "2": [1, 0],
      "3": [0, 0],
      "4": [11, 0, 0]
    },
    "inputSourceMap": null,
    "_coverageSchema": "1a1c01bbd47fc00a2c39e90264f33305004495a9",
    "hash": "91fdf206acb7aee4c63d0098540ac9c6d224275d"
  },
  "C:\\Users\\minha\\Downloads\\BTI\\fragments-service\\backend\\src\\auth\\basic-auth.js": {
    "path": "C:\\Users\\minha\\Downloads\\BTI\\fragments-service\\backend\\src\\auth\\basic-auth.js",
    "statementMap": {
      "0": {
        "start": { "line": 5, "column": 0 },
        "end": { "line": 8, "column": 4 }
      },
      "1": {
        "start": { "line": 6, "column": 2 },
        "end": { "line": 6, "column": 52 }
      },
      "2": {
        "start": { "line": 6, "column": 27 },
        "end": { "line": 6, "column": 52 }
      },
      "3": {
        "start": { "line": 7, "column": 2 },
        "end": { "line": 7, "column": 31 }
      },
      "4": {
        "start": { "line": 10, "column": 28 },
        "end": { "line": 10, "column": 52 }
      },
      "5": {
        "start": { "line": 10, "column": 34 },
        "end": { "line": 10, "column": 52 }
      }
    },
    "fnMap": {
      "0": {
        "name": "(anonymous_0)",
        "decl": {
          "start": { "line": 5, "column": 31 },
          "end": { "line": 5, "column": 32 }
        },
        "loc": {
          "start": { "line": 5, "column": 58 },
          "end": { "line": 8, "column": 1 }
        },
        "line": 5
      },
      "1": {
        "name": "(anonymous_1)",
        "decl": {
          "start": { "line": 10, "column": 28 },
          "end": { "line": 10, "column": 29 }
        },
        "loc": {
          "start": { "line": 10, "column": 34 },
          "end": { "line": 10, "column": 52 }
        },
        "line": 10
      }
    },
    "branchMap": {
      "0": {
        "loc": {
          "start": { "line": 6, "column": 2 },
          "end": { "line": 6, "column": 52 }
        },
        "type": "if",
        "locations": [
          {
            "start": { "line": 6, "column": 2 },
            "end": { "line": 6, "column": 52 }
          },
          { "start": {}, "end": {} }
        ],
        "line": 6
      },
      "1": {
        "loc": {
          "start": { "line": 6, "column": 6 },
          "end": { "line": 6, "column": 25 }
        },
        "type": "binary-expr",
        "locations": [
          {
            "start": { "line": 6, "column": 6 },
            "end": { "line": 6, "column": 12 }
          },
          {
            "start": { "line": 6, "column": 16 },
            "end": { "line": 6, "column": 25 }
          }
        ],
        "line": 6
      }
    },
    "s": { "0": 1, "1": 11, "2": 0, "3": 11, "4": 1, "5": 1 },
    "f": { "0": 11, "1": 1 },
    "b": { "0": [0, 11], "1": [11, 11] },
    "inputSourceMap": null,
    "_coverageSchema": "1a1c01bbd47fc00a2c39e90264f33305004495a9",
    "hash": "56e852fd729011443c8784ddc93fa54bde31e876"
  },
  "C:\\Users\\minha\\Downloads\\BTI\\fragments-service\\backend\\src\\model\\fragment.js": {
    "path": "C:\\Users\\minha\\Downloads\\BTI\\fragments-service\\backend\\src\\model\\fragment.js",
    "statementMap": {
      "0": {
        "start": { "line": 19, "column": 4 },
        "end": { "line": 19, "column": 57 }
      },
      "1": {
        "start": { "line": 19, "column": 18 },
        "end": { "line": 19, "column": 57 }
      },
      "2": {
        "start": { "line": 20, "column": 4 },
        "end": { "line": 20, "column": 51 }
      },
      "3": {
        "start": { "line": 20, "column": 15 },
        "end": { "line": 20, "column": 51 }
      },
      "4": {
        "start": { "line": 21, "column": 4 },
        "end": { "line": 21, "column": 77 }
      },
      "5": {
        "start": { "line": 21, "column": 32 },
        "end": { "line": 21, "column": 77 }
      },
      "6": {
        "start": { "line": 23, "column": 4 },
        "end": { "line": 23, "column": 40 }
      },
      "7": {
        "start": { "line": 24, "column": 4 },
        "end": { "line": 24, "column": 27 }
      },
      "8": {
        "start": { "line": 25, "column": 4 },
        "end": { "line": 25, "column": 34 }
      },
      "9": {
        "start": { "line": 26, "column": 4 },
        "end": { "line": 26, "column": 21 }
      },
      "10": {
        "start": { "line": 27, "column": 16 },
        "end": { "line": 27, "column": 40 }
      },
      "11": {
        "start": { "line": 28, "column": 4 },
        "end": { "line": 28, "column": 34 }
      },
      "12": {
        "start": { "line": 29, "column": 4 },
        "end": { "line": 29, "column": 34 }
      },
      "13": {
        "start": { "line": 31, "column": 4 },
        "end": { "line": 33, "column": 5 }
      },
      "14": {
        "start": { "line": 32, "column": 6 },
        "end": { "line": 32, "column": 25 }
      },
      "15": {
        "start": { "line": 38, "column": 4 },
        "end": { "line": 40, "column": 5 }
      },
      "16": {
        "start": { "line": 39, "column": 6 },
        "end": { "line": 39, "column": 39 }
      },
      "17": {
        "start": { "line": 41, "column": 4 },
        "end": { "line": 41, "column": 22 }
      },
      "18": {
        "start": { "line": 42, "column": 4 },
        "end": { "line": 42, "column": 28 }
      },
      "19": {
        "start": { "line": 43, "column": 4 },
        "end": { "line": 43, "column": 44 }
      },
      "20": {
        "start": { "line": 48, "column": 4 },
        "end": { "line": 48, "column": 53 }
      },
      "21": {
        "start": { "line": 49, "column": 4 },
        "end": { "line": 51, "column": 5 }
      },
      "22": {
        "start": { "line": 50, "column": 6 },
        "end": { "line": 50, "column": 65 }
      },
      "23": {
        "start": { "line": 56, "column": 17 },
        "end": { "line": 56, "column": 62 }
      },
      "24": {
        "start": { "line": 57, "column": 4 },
        "end": { "line": 57, "column": 24 }
      },
      "25": {
        "start": { "line": 62, "column": 4 },
        "end": { "line": 62, "column": 49 }
      },
      "26": {
        "start": { "line": 67, "column": 4 },
        "end": { "line": 74, "column": 6 }
      },
      "27": {
        "start": { "line": 81, "column": 4 },
        "end": { "line": 81, "column": 33 }
      },
      "28": {
        "start": { "line": 86, "column": 17 },
        "end": { "line": 86, "column": 48 }
      },
      "29": {
        "start": { "line": 87, "column": 4 },
        "end": { "line": 87, "column": 27 }
      },
      "30": {
        "start": { "line": 87, "column": 15 },
        "end": { "line": 87, "column": 27 }
      },
      "31": {
        "start": { "line": 88, "column": 4 },
        "end": { "line": 88, "column": 30 }
      },
      "32": {
        "start": { "line": 93, "column": 4 },
        "end": { "line": 93, "column": 36 }
      },
      "33": {
        "start": { "line": 98, "column": 18 },
        "end": { "line": 98, "column": 46 }
      },
      "34": {
        "start": { "line": 99, "column": 4 },
        "end": { "line": 99, "column": 45 }
      },
      "35": {
        "start": { "line": 99, "column": 28 },
        "end": { "line": 99, "column": 43 }
      }
    },
    "fnMap": {
      "0": {
        "name": "(anonymous_0)",
        "decl": {
          "start": { "line": 18, "column": 2 },
          "end": { "line": 18, "column": 3 }
        },
        "loc": {
          "start": { "line": 18, "column": 76 },
          "end": { "line": 34, "column": 3 }
        },
        "line": 18
      },
      "1": {
        "name": "(anonymous_1)",
        "decl": {
          "start": { "line": 37, "column": 2 },
          "end": { "line": 37, "column": 3 }
        },
        "loc": {
          "start": { "line": 37, "column": 16 },
          "end": { "line": 44, "column": 3 }
        },
        "line": 37
      },
      "2": {
        "name": "(anonymous_2)",
        "decl": {
          "start": { "line": 47, "column": 2 },
          "end": { "line": 47, "column": 3 }
        },
        "loc": {
          "start": { "line": 47, "column": 15 },
          "end": { "line": 52, "column": 3 }
        },
        "line": 47
      },
      "3": {
        "name": "(anonymous_3)",
        "decl": {
          "start": { "line": 55, "column": 2 },
          "end": { "line": 55, "column": 3 }
        },
        "loc": {
          "start": { "line": 55, "column": 18 },
          "end": { "line": 58, "column": 3 }
        },
        "line": 55
      },
      "4": {
        "name": "(anonymous_4)",
        "decl": {
          "start": { "line": 61, "column": 2 },
          "end": { "line": 61, "column": 3 }
        },
        "loc": {
          "start": { "line": 61, "column": 17 },
          "end": { "line": 63, "column": 3 }
        },
        "line": 61
      },
      "5": {
        "name": "(anonymous_5)",
        "decl": {
          "start": { "line": 66, "column": 2 },
          "end": { "line": 66, "column": 3 }
        },
        "loc": {
          "start": { "line": 66, "column": 11 },
          "end": { "line": 75, "column": 3 }
        },
        "line": 66
      },
      "6": {
        "name": "(anonymous_6)",
        "decl": {
          "start": { "line": 80, "column": 2 },
          "end": { "line": 80, "column": 3 }
        },
        "loc": {
          "start": { "line": 80, "column": 31 },
          "end": { "line": 82, "column": 3 }
        },
        "line": 80
      },
      "7": {
        "name": "(anonymous_7)",
        "decl": {
          "start": { "line": 85, "column": 2 },
          "end": { "line": 85, "column": 3 }
        },
        "loc": {
          "start": { "line": 85, "column": 33 },
          "end": { "line": 89, "column": 3 }
        },
        "line": 85
      },
      "8": {
        "name": "(anonymous_8)",
        "decl": {
          "start": { "line": 92, "column": 2 },
          "end": { "line": 92, "column": 3 }
        },
        "loc": {
          "start": { "line": 92, "column": 32 },
          "end": { "line": 94, "column": 3 }
        },
        "line": 92
      },
      "9": {
        "name": "(anonymous_9)",
        "decl": {
          "start": { "line": 97, "column": 2 },
          "end": { "line": 97, "column": 3 }
        },
        "loc": {
          "start": { "line": 97, "column": 29 },
          "end": { "line": 100, "column": 3 }
        },
        "line": 97
      },
      "10": {
        "name": "(anonymous_10)",
        "decl": {
          "start": { "line": 99, "column": 21 },
          "end": { "line": 99, "column": 22 }
        },
        "loc": {
          "start": { "line": 99, "column": 28 },
          "end": { "line": 99, "column": 43 }
        },
        "line": 99
      }
    },
    "branchMap": {
      "0": {
        "loc": {
          "start": { "line": 18, "column": 14 },
          "end": { "line": 18, "column": 74 }
        },
        "type": "default-arg",
        "locations": [
          {
            "start": { "line": 18, "column": 72 },
            "end": { "line": 18, "column": 74 }
          }
        ],
        "line": 18
      },
      "1": {
        "loc": {
          "start": { "line": 18, "column": 35 },
          "end": { "line": 18, "column": 43 }
        },
        "type": "default-arg",
        "locations": [
          {
            "start": { "line": 18, "column": 42 },
            "end": { "line": 18, "column": 43 }
          }
        ],
        "line": 18
      },
      "2": {
        "loc": {
          "start": { "line": 19, "column": 4 },
          "end": { "line": 19, "column": 57 }
        },
        "type": "if",
        "locations": [
          {
            "start": { "line": 19, "column": 4 },
            "end": { "line": 19, "column": 57 }
          },
          { "start": {}, "end": {} }
        ],
        "line": 19
      },
      "3": {
        "loc": {
          "start": { "line": 20, "column": 4 },
          "end": { "line": 20, "column": 51 }
        },
        "type": "if",
        "locations": [
          {
            "start": { "line": 20, "column": 4 },
            "end": { "line": 20, "column": 51 }
          },
          { "start": {}, "end": {} }
        ],
        "line": 20
      },
      "4": {
        "loc": {
          "start": { "line": 21, "column": 4 },
          "end": { "line": 21, "column": 77 }
        },
        "type": "if",
        "locations": [
          {
            "start": { "line": 21, "column": 4 },
            "end": { "line": 21, "column": 77 }
          },
          { "start": {}, "end": {} }
        ],
        "line": 21
      },
      "5": {
        "loc": {
          "start": { "line": 23, "column": 14 },
          "end": { "line": 23, "column": 39 }
        },
        "type": "binary-expr",
        "locations": [
          {
            "start": { "line": 23, "column": 14 },
            "end": { "line": 23, "column": 16 }
          },
          {
            "start": { "line": 23, "column": 20 },
            "end": { "line": 23, "column": 39 }
          }
        ],
        "line": 23
      },
      "6": {
        "loc": {
          "start": { "line": 28, "column": 19 },
          "end": { "line": 28, "column": 33 }
        },
        "type": "binary-expr",
        "locations": [
          {
            "start": { "line": 28, "column": 19 },
            "end": { "line": 28, "column": 26 }
          },
          {
            "start": { "line": 28, "column": 30 },
            "end": { "line": 28, "column": 33 }
          }
        ],
        "line": 28
      },
      "7": {
        "loc": {
          "start": { "line": 29, "column": 19 },
          "end": { "line": 29, "column": 33 }
        },
        "type": "binary-expr",
        "locations": [
          {
            "start": { "line": 29, "column": 19 },
            "end": { "line": 29, "column": 26 }
          },
          {
            "start": { "line": 29, "column": 30 },
            "end": { "line": 29, "column": 33 }
          }
        ],
        "line": 29
      },
      "8": {
        "loc": {
          "start": { "line": 31, "column": 4 },
          "end": { "line": 33, "column": 5 }
        },
        "type": "if",
        "locations": [
          {
            "start": { "line": 31, "column": 4 },
            "end": { "line": 33, "column": 5 }
          },
          { "start": {}, "end": {} }
        ],
        "line": 31
      },
      "9": {
        "loc": {
          "start": { "line": 38, "column": 4 },
          "end": { "line": 40, "column": 5 }
        },
        "type": "if",
        "locations": [
          {
            "start": { "line": 38, "column": 4 },
            "end": { "line": 40, "column": 5 }
          },
          { "start": {}, "end": {} }
        ],
        "line": 38
      },
      "10": {
        "loc": {
          "start": { "line": 49, "column": 4 },
          "end": { "line": 51, "column": 5 }
        },
        "type": "if",
        "locations": [
          {
            "start": { "line": 49, "column": 4 },
            "end": { "line": 51, "column": 5 }
          },
          { "start": {}, "end": {} }
        ],
        "line": 49
      },
      "11": {
        "loc": {
          "start": { "line": 57, "column": 11 },
          "end": { "line": 57, "column": 23 }
        },
        "type": "binary-expr",
        "locations": [
          {
            "start": { "line": 57, "column": 11 },
            "end": { "line": 57, "column": 15 }
          },
          {
            "start": { "line": 57, "column": 19 },
            "end": { "line": 57, "column": 23 }
          }
        ],
        "line": 57
      },
      "12": {
        "loc": {
          "start": { "line": 87, "column": 4 },
          "end": { "line": 87, "column": 27 }
        },
        "type": "if",
        "locations": [
          {
            "start": { "line": 87, "column": 4 },
            "end": { "line": 87, "column": 27 }
          },
          { "start": {}, "end": {} }
        ],
        "line": 87
      }
    },
    "s": {
      "0": 22,
      "1": 1,
      "2": 21,
      "3": 1,
      "4": 20,
      "5": 1,
      "6": 19,
      "7": 19,
      "8": 19,
      "9": 19,
      "10": 19,
      "11": 19,
      "12": 19,
      "13": 19,
      "14": 7,
      "15": 9,
      "16": 6,
      "17": 9,
      "18": 9,
      "19": 9,
      "20": 8,
      "21": 8,
      "22": 8,
      "23": 2,
      "24": 2,
      "25": 1,
      "26": 14,
      "27": 7,
      "28": 7,
      "29": 7,
      "30": 1,
      "31": 6,
      "32": 2,
      "33": 2,
      "34": 2,
      "35": 6
    },
    "f": {
      "0": 22,
      "1": 9,
      "2": 8,
      "3": 2,
      "4": 1,
      "5": 14,
      "6": 7,
      "7": 7,
      "8": 2,
      "9": 2,
      "10": 6
    },
    "b": {
      "0": [0],
      "1": [10],
      "2": [1, 21],
      "3": [1, 20],
      "4": [1, 19],
      "5": [19, 7],
      "6": [19, 7],
      "7": [19, 7],
      "8": [7, 12],
      "9": [6, 3],
      "10": [8, 0],
      "11": [2, 0],
      "12": [1, 6]
    },
    "inputSourceMap": null,
    "_coverageSchema": "1a1c01bbd47fc00a2c39e90264f33305004495a9",
    "hash": "612c02bbec6501bc3573aece02679e94abd16ac3"
  },
  "C:\\Users\\minha\\Downloads\\BTI\\fragments-service\\backend\\src\\model\\types.js": {
    "path": "C:\\Users\\minha\\Downloads\\BTI\\fragments-service\\backend\\src\\model\\types.js",
    "statementMap": {
      "0": {
        "start": { "line": 4, "column": 17 },
        "end": { "line": 4, "column": 47 }
      },
      "1": {
        "start": { "line": 5, "column": 2 },
        "end": { "line": 5, "column": 35 }
      },
      "2": {
        "start": { "line": 9, "column": 2 },
        "end": { "line": 9, "column": 51 }
      }
    },
    "fnMap": {
      "0": {
        "name": "mediaTypeOf",
        "decl": {
          "start": { "line": 3, "column": 16 },
          "end": { "line": 3, "column": 27 }
        },
        "loc": {
          "start": { "line": 3, "column": 46 },
          "end": { "line": 6, "column": 1 }
        },
        "line": 3
      },
      "1": {
        "name": "isSupportedType",
        "decl": {
          "start": { "line": 8, "column": 16 },
          "end": { "line": 8, "column": 31 }
        },
        "loc": {
          "start": { "line": 8, "column": 50 },
          "end": { "line": 10, "column": 1 }
        },
        "line": 8
      }
    },
    "branchMap": {
      "0": {
        "loc": {
          "start": { "line": 3, "column": 28 },
          "end": { "line": 3, "column": 44 }
        },
        "type": "default-arg",
        "locations": [
          {
            "start": { "line": 3, "column": 42 },
            "end": { "line": 3, "column": 44 }
          }
        ],
        "line": 3
      },
      "1": {
        "loc": {
          "start": { "line": 8, "column": 32 },
          "end": { "line": 8, "column": 48 }
        },
        "type": "default-arg",
        "locations": [
          {
            "start": { "line": 8, "column": 46 },
            "end": { "line": 8, "column": 48 }
          }
        ],
        "line": 8
      }
    },
    "s": { "0": 46, "1": 46, "2": 27 },
    "f": { "0": 46, "1": 27 },
    "b": { "0": [0], "1": [0] },
    "inputSourceMap": null,
    "_coverageSchema": "1a1c01bbd47fc00a2c39e90264f33305004495a9",
    "hash": "7efa65a6d0020f61dac85a6cb67d4758f8421c2a"
  },
  "C:\\Users\\minha\\Downloads\\BTI\\fragments-service\\backend\\src\\model\\data\\memory\\memory-db.js": {
    "path": "C:\\Users\\minha\\Downloads\\BTI\\fragments-service\\backend\\src\\model\\data\\memory\\memory-db.js",
    "statementMap": {
      "0": {
        "start": { "line": 4, "column": 18 },
        "end": { "line": 4, "column": 27 }
      },
      "1": {
        "start": { "line": 5, "column": 18 },
        "end": { "line": 5, "column": 27 }
      },
      "2": {
        "start": { "line": 7, "column": 12 },
        "end": { "line": 7, "column": 47 }
      },
      "3": {
        "start": { "line": 7, "column": 29 },
        "end": { "line": 7, "column": 47 }
      },
      "4": {
        "start": { "line": 16, "column": 2 },
        "end": { "line": 16, "column": 99 }
      },
      "5": {
        "start": { "line": 16, "column": 33 },
        "end": { "line": 16, "column": 99 }
      },
      "6": {
        "start": { "line": 17, "column": 12 },
        "end": { "line": 17, "column": 37 }
      },
      "7": {
        "start": { "line": 18, "column": 2 },
        "end": { "line": 18, "column": 36 }
      },
      "8": {
        "start": { "line": 19, "column": 2 },
        "end": { "line": 19, "column": 26 }
      },
      "9": {
        "start": { "line": 29, "column": 12 },
        "end": { "line": 29, "column": 28 }
      },
      "10": {
        "start": { "line": 30, "column": 2 },
        "end": { "line": 30, "column": 34 }
      },
      "11": {
        "start": { "line": 41, "column": 12 },
        "end": { "line": 41, "column": 28 }
      },
      "12": {
        "start": { "line": 43, "column": 4 },
        "end": { "line": 43, "column": 64 }
      },
      "13": {
        "start": { "line": 44, "column": 2 },
        "end": { "line": 44, "column": 25 }
      },
      "14": {
        "start": { "line": 45, "column": 2 },
        "end": { "line": 45, "column": 25 }
      },
      "15": {
        "start": { "line": 55, "column": 12 },
        "end": { "line": 55, "column": 28 }
      },
      "16": {
        "start": { "line": 56, "column": 2 },
        "end": { "line": 56, "column": 34 }
      },
      "17": {
        "start": { "line": 66, "column": 17 },
        "end": { "line": 66, "column": 30 }
      },
      "18": {
        "start": { "line": 67, "column": 14 },
        "end": { "line": 67, "column": 16 }
      },
      "19": {
        "start": { "line": 68, "column": 2 },
        "end": { "line": 72, "column": 3 }
      },
      "20": {
        "start": { "line": 69, "column": 4 },
        "end": { "line": 71, "column": 5 }
      },
      "21": {
        "start": { "line": 70, "column": 6 },
        "end": { "line": 70, "column": 39 }
      },
      "22": {
        "start": { "line": 73, "column": 2 },
        "end": { "line": 73, "column": 13 }
      },
      "23": {
        "start": { "line": 82, "column": 17 },
        "end": { "line": 82, "column": 30 }
      },
      "24": {
        "start": { "line": 83, "column": 14 },
        "end": { "line": 83, "column": 16 }
      },
      "25": {
        "start": { "line": 84, "column": 2 },
        "end": { "line": 86, "column": 3 }
      },
      "26": {
        "start": { "line": 85, "column": 4 },
        "end": { "line": 85, "column": 42 }
      },
      "27": {
        "start": { "line": 85, "column": 30 },
        "end": { "line": 85, "column": 42 }
      },
      "28": {
        "start": { "line": 87, "column": 2 },
        "end": { "line": 87, "column": 13 }
      },
      "29": {
        "start": { "line": 97, "column": 12 },
        "end": { "line": 97, "column": 28 }
      },
      "30": {
        "start": { "line": 98, "column": 12 },
        "end": { "line": 98, "column": 31 }
      },
      "31": {
        "start": { "line": 99, "column": 12 },
        "end": { "line": 99, "column": 31 }
      },
      "32": {
        "start": { "line": 100, "column": 2 },
        "end": { "line": 100, "column": 16 }
      },
      "33": {
        "start": { "line": 105, "column": 2 },
        "end": { "line": 105, "column": 20 }
      },
      "34": {
        "start": { "line": 106, "column": 2 },
        "end": { "line": 106, "column": 20 }
      }
    },
    "fnMap": {
      "0": {
        "name": "(anonymous_0)",
        "decl": {
          "start": { "line": 7, "column": 12 },
          "end": { "line": 7, "column": 13 }
        },
        "loc": {
          "start": { "line": 7, "column": 29 },
          "end": { "line": 7, "column": 47 }
        },
        "line": 7
      },
      "1": {
        "name": "writeFragment",
        "decl": {
          "start": { "line": 15, "column": 22 },
          "end": { "line": 15, "column": 35 }
        },
        "loc": {
          "start": { "line": 15, "column": 55 },
          "end": { "line": 20, "column": 1 }
        },
        "line": 15
      },
      "2": {
        "name": "readFragment",
        "decl": {
          "start": { "line": 28, "column": 22 },
          "end": { "line": 28, "column": 34 }
        },
        "loc": {
          "start": { "line": 28, "column": 48 },
          "end": { "line": 31, "column": 1 }
        },
        "line": 28
      },
      "3": {
        "name": "writeFragmentData",
        "decl": {
          "start": { "line": 40, "column": 22 },
          "end": { "line": 40, "column": 39 }
        },
        "loc": {
          "start": { "line": 40, "column": 61 },
          "end": { "line": 46, "column": 1 }
        },
        "line": 40
      },
      "4": {
        "name": "readFragmentData",
        "decl": {
          "start": { "line": 54, "column": 22 },
          "end": { "line": 54, "column": 38 }
        },
        "loc": {
          "start": { "line": 54, "column": 52 },
          "end": { "line": 57, "column": 1 }
        },
        "line": 54
      },
      "5": {
        "name": "listFragmentIds",
        "decl": {
          "start": { "line": 65, "column": 22 },
          "end": { "line": 65, "column": 37 }
        },
        "loc": {
          "start": { "line": 65, "column": 47 },
          "end": { "line": 74, "column": 1 }
        },
        "line": 65
      },
      "6": {
        "name": "listFragments",
        "decl": {
          "start": { "line": 81, "column": 22 },
          "end": { "line": 81, "column": 35 }
        },
        "loc": {
          "start": { "line": 81, "column": 45 },
          "end": { "line": 88, "column": 1 }
        },
        "line": 81
      },
      "7": {
        "name": "deleteFragment",
        "decl": {
          "start": { "line": 96, "column": 22 },
          "end": { "line": 96, "column": 36 }
        },
        "loc": {
          "start": { "line": 96, "column": 50 },
          "end": { "line": 101, "column": 1 }
        },
        "line": 96
      },
      "8": {
        "name": "reset",
        "decl": {
          "start": { "line": 104, "column": 22 },
          "end": { "line": 104, "column": 27 }
        },
        "loc": {
          "start": { "line": 104, "column": 30 },
          "end": { "line": 107, "column": 1 }
        },
        "line": 104
      }
    },
    "branchMap": {
      "0": {
        "loc": {
          "start": { "line": 16, "column": 2 },
          "end": { "line": 16, "column": 99 }
        },
        "type": "if",
        "locations": [
          {
            "start": { "line": 16, "column": 2 },
            "end": { "line": 16, "column": 99 }
          },
          { "start": {}, "end": {} }
        ],
        "line": 16
      },
      "1": {
        "loc": {
          "start": { "line": 16, "column": 6 },
          "end": { "line": 16, "column": 31 }
        },
        "type": "binary-expr",
        "locations": [
          {
            "start": { "line": 16, "column": 6 },
            "end": { "line": 16, "column": 14 }
          },
          {
            "start": { "line": 16, "column": 18 },
            "end": { "line": 16, "column": 31 }
          }
        ],
        "line": 16
      },
      "2": {
        "loc": {
          "start": { "line": 30, "column": 9 },
          "end": { "line": 30, "column": 33 }
        },
        "type": "binary-expr",
        "locations": [
          {
            "start": { "line": 30, "column": 9 },
            "end": { "line": 30, "column": 25 }
          },
          {
            "start": { "line": 30, "column": 29 },
            "end": { "line": 30, "column": 33 }
          }
        ],
        "line": 30
      },
      "3": {
        "loc": {
          "start": { "line": 43, "column": 4 },
          "end": { "line": 43, "column": 64 }
        },
        "type": "cond-expr",
        "locations": [
          {
            "start": { "line": 43, "column": 30 },
            "end": { "line": 43, "column": 36 }
          },
          {
            "start": { "line": 43, "column": 39 },
            "end": { "line": 43, "column": 64 }
          }
        ],
        "line": 43
      },
      "4": {
        "loc": {
          "start": { "line": 43, "column": 51 },
          "end": { "line": 43, "column": 63 }
        },
        "type": "binary-expr",
        "locations": [
          {
            "start": { "line": 43, "column": 51 },
            "end": { "line": 43, "column": 57 }
          },
          {
            "start": { "line": 43, "column": 61 },
            "end": { "line": 43, "column": 63 }
          }
        ],
        "line": 43
      },
      "5": {
        "loc": {
          "start": { "line": 56, "column": 9 },
          "end": { "line": 56, "column": 33 }
        },
        "type": "binary-expr",
        "locations": [
          {
            "start": { "line": 56, "column": 9 },
            "end": { "line": 56, "column": 25 }
          },
          {
            "start": { "line": 56, "column": 29 },
            "end": { "line": 56, "column": 33 }
          }
        ],
        "line": 56
      },
      "6": {
        "loc": {
          "start": { "line": 69, "column": 4 },
          "end": { "line": 71, "column": 5 }
        },
        "type": "if",
        "locations": [
          {
            "start": { "line": 69, "column": 4 },
            "end": { "line": 71, "column": 5 }
          },
          { "start": {}, "end": {} }
        ],
        "line": 69
      },
      "7": {
        "loc": {
          "start": { "line": 85, "column": 4 },
          "end": { "line": 85, "column": 42 }
        },
        "type": "if",
        "locations": [
          {
            "start": { "line": 85, "column": 4 },
            "end": { "line": 85, "column": 42 }
          },
          { "start": {}, "end": {} }
        ],
        "line": 85
      },
      "8": {
        "loc": {
          "start": { "line": 100, "column": 9 },
          "end": { "line": 100, "column": 15 }
        },
        "type": "binary-expr",
        "locations": [
          {
            "start": { "line": 100, "column": 9 },
            "end": { "line": 100, "column": 10 }
          },
          {
            "start": { "line": 100, "column": 14 },
            "end": { "line": 100, "column": 15 }
          }
        ],
        "line": 100
      }
    },
    "s": {
      "0": 4,
      "1": 4,
      "2": 4,
      "3": 46,
      "4": 14,
      "5": 0,
      "6": 14,
      "7": 14,
      "8": 14,
      "9": 12,
      "10": 12,
      "11": 11,
      "12": 11,
      "13": 11,
      "14": 11,
      "15": 6,
      "16": 6,
      "17": 4,
      "18": 4,
      "19": 4,
      "20": 9,
      "21": 9,
      "22": 4,
      "23": 4,
      "24": 4,
      "25": 4,
      "26": 9,
      "27": 9,
      "28": 4,
      "29": 3,
      "30": 3,
      "31": 3,
      "32": 3,
      "33": 4,
      "34": 4
    },
    "f": {
      "0": 46,
      "1": 14,
      "2": 12,
      "3": 11,
      "4": 6,
      "5": 4,
      "6": 4,
      "7": 3,
      "8": 4
    },
    "b": {
      "0": [0, 14],
      "1": [14, 14],
      "2": [12, 2],
      "3": [8, 3],
      "4": [3, 0],
      "5": [6, 1],
      "6": [9, 0],
      "7": [9, 0],
      "8": [3, 0]
    },
    "inputSourceMap": null,
    "_coverageSchema": "1a1c01bbd47fc00a2c39e90264f33305004495a9",
    "hash": "242273def481dfb16b23eaea08f986739e33065d"
  },
  "C:\\Users\\minha\\Downloads\\BTI\\fragments-service\\backend\\src\\routes\\fragments.js": {
    "path": "C:\\Users\\minha\\Downloads\\BTI\\fragments-service\\backend\\src\\routes\\fragments.js",
    "statementMap": {
      "0": {
        "start": { "line": 9, "column": 15 },
        "end": { "line": 9, "column": 23 }
      },
      "1": {
        "start": { "line": 11, "column": 16 },
        "end": { "line": 23, "column": 4 }
      },
      "2": {
        "start": { "line": 12, "column": 2 },
        "end": { "line": 23, "column": 4 }
      },
      "3": {
        "start": { "line": 16, "column": 6 },
        "end": { "line": 21, "column": 7 }
      },
      "4": {
        "start": { "line": 17, "column": 25 },
        "end": { "line": 17, "column": 47 }
      },
      "5": {
        "start": { "line": 18, "column": 8 },
        "end": { "line": 18, "column": 46 }
      },
      "6": {
        "start": { "line": 20, "column": 8 },
        "end": { "line": 20, "column": 21 }
      },
      "7": {
        "start": { "line": 25, "column": 0 },
        "end": { "line": 25, "column": 27 }
      },
      "8": {
        "start": { "line": 33, "column": 0 },
        "end": { "line": 69, "column": 3 }
      },
      "9": {
        "start": { "line": 34, "column": 2 },
        "end": { "line": 68, "column": 3 }
      },
      "10": {
        "start": { "line": 35, "column": 4 },
        "end": { "line": 40, "column": 5 }
      },
      "11": {
        "start": { "line": 36, "column": 6 },
        "end": { "line": 36, "column": 51 }
      },
      "12": {
        "start": { "line": 37, "column": 6 },
        "end": { "line": 39, "column": 108 }
      },
      "13": {
        "start": { "line": 42, "column": 21 },
        "end": { "line": 42, "column": 43 }
      },
      "14": {
        "start": { "line": 43, "column": 4 },
        "end": { "line": 48, "column": 5 }
      },
      "15": {
        "start": { "line": 44, "column": 6 },
        "end": { "line": 44, "column": 58 }
      },
      "16": {
        "start": { "line": 45, "column": 6 },
        "end": { "line": 47, "column": 103 }
      },
      "17": {
        "start": { "line": 50, "column": 21 },
        "end": { "line": 54, "column": 6 }
      },
      "18": {
        "start": { "line": 55, "column": 4 },
        "end": { "line": 55, "column": 26 }
      },
      "19": {
        "start": { "line": 57, "column": 19 },
        "end": { "line": 57, "column": 68 }
      },
      "20": {
        "start": { "line": 58, "column": 21 },
        "end": { "line": 58, "column": 60 }
      },
      "21": {
        "start": { "line": 60, "column": 4 },
        "end": { "line": 60, "column": 34 }
      },
      "22": {
        "start": { "line": 61, "column": 4 },
        "end": { "line": 61, "column": 101 }
      },
      "23": {
        "start": { "line": 62, "column": 4 },
        "end": { "line": 62, "column": 79 }
      },
      "24": {
        "start": { "line": 64, "column": 4 },
        "end": { "line": 64, "column": 54 }
      },
      "25": {
        "start": { "line": 65, "column": 4 },
        "end": { "line": 67, "column": 89 }
      },
      "26": {
        "start": { "line": 76, "column": 0 },
        "end": { "line": 91, "column": 3 }
      },
      "27": {
        "start": { "line": 77, "column": 2 },
        "end": { "line": 90, "column": 3 }
      },
      "28": {
        "start": { "line": 78, "column": 19 },
        "end": { "line": 78, "column": 63 }
      },
      "29": {
        "start": { "line": 79, "column": 4 },
        "end": { "line": 82, "column": 5 }
      },
      "30": {
        "start": { "line": 80, "column": 19 },
        "end": { "line": 80, "column": 56 }
      },
      "31": {
        "start": { "line": 81, "column": 6 },
        "end": { "line": 81, "column": 92 }
      },
      "32": {
        "start": { "line": 81, "column": 77 },
        "end": { "line": 81, "column": 87 }
      },
      "33": {
        "start": { "line": 83, "column": 16 },
        "end": { "line": 83, "column": 56 }
      },
      "34": {
        "start": { "line": 84, "column": 4 },
        "end": { "line": 84, "column": 66 }
      },
      "35": {
        "start": { "line": 86, "column": 4 },
        "end": { "line": 86, "column": 53 }
      },
      "36": {
        "start": { "line": 87, "column": 4 },
        "end": { "line": 89, "column": 89 }
      },
      "37": {
        "start": { "line": 97, "column": 0 },
        "end": { "line": 115, "column": 3 }
      },
      "38": {
        "start": { "line": 98, "column": 2 },
        "end": { "line": 114, "column": 3 }
      },
      "39": {
        "start": { "line": 99, "column": 17 },
        "end": { "line": 99, "column": 69 }
      },
      "40": {
        "start": { "line": 100, "column": 4 },
        "end": { "line": 102, "column": 5 }
      },
      "41": {
        "start": { "line": 101, "column": 6 },
        "end": { "line": 101, "column": 108 }
      },
      "42": {
        "start": { "line": 103, "column": 17 },
        "end": { "line": 103, "column": 37 }
      },
      "43": {
        "start": { "line": 104, "column": 4 },
        "end": { "line": 106, "column": 5 }
      },
      "44": {
        "start": { "line": 105, "column": 6 },
        "end": { "line": 105, "column": 111 }
      },
      "45": {
        "start": { "line": 107, "column": 4 },
        "end": { "line": 107, "column": 39 }
      },
      "46": {
        "start": { "line": 108, "column": 4 },
        "end": { "line": 108, "column": 38 }
      },
      "47": {
        "start": { "line": 110, "column": 4 },
        "end": { "line": 110, "column": 57 }
      },
      "48": {
        "start": { "line": 111, "column": 4 },
        "end": { "line": 113, "column": 89 }
      },
      "49": {
        "start": { "line": 121, "column": 0 },
        "end": { "line": 134, "column": 3 }
      },
      "50": {
        "start": { "line": 122, "column": 2 },
        "end": { "line": 133, "column": 3 }
      },
      "51": {
        "start": { "line": 123, "column": 17 },
        "end": { "line": 123, "column": 69 }
      },
      "52": {
        "start": { "line": 124, "column": 4 },
        "end": { "line": 126, "column": 5 }
      },
      "53": {
        "start": { "line": 125, "column": 6 },
        "end": { "line": 125, "column": 108 }
      },
      "54": {
        "start": { "line": 127, "column": 4 },
        "end": { "line": 127, "column": 75 }
      },
      "55": {
        "start": { "line": 129, "column": 4 },
        "end": { "line": 129, "column": 62 }
      },
      "56": {
        "start": { "line": 130, "column": 4 },
        "end": { "line": 132, "column": 89 }
      },
      "57": {
        "start": { "line": 140, "column": 0 },
        "end": { "line": 170, "column": 3 }
      },
      "58": {
        "start": { "line": 141, "column": 2 },
        "end": { "line": 169, "column": 3 }
      },
      "59": {
        "start": { "line": 142, "column": 17 },
        "end": { "line": 142, "column": 69 }
      },
      "60": {
        "start": { "line": 143, "column": 4 },
        "end": { "line": 145, "column": 5 }
      },
      "61": {
        "start": { "line": 144, "column": 6 },
        "end": { "line": 144, "column": 108 }
      },
      "62": {
        "start": { "line": 146, "column": 4 },
        "end": { "line": 148, "column": 5 }
      },
      "63": {
        "start": { "line": 147, "column": 6 },
        "end": { "line": 147, "column": 102 }
      },
      "64": {
        "start": { "line": 150, "column": 21 },
        "end": { "line": 150, "column": 43 }
      },
      "65": {
        "start": { "line": 151, "column": 20 },
        "end": { "line": 151, "column": 50 }
      },
      "66": {
        "start": { "line": 152, "column": 21 },
        "end": { "line": 152, "column": 54 }
      },
      "67": {
        "start": { "line": 153, "column": 4 },
        "end": { "line": 158, "column": 5 }
      },
      "68": {
        "start": { "line": 154, "column": 6 },
        "end": { "line": 157, "column": 9 }
      },
      "69": {
        "start": { "line": 160, "column": 4 },
        "end": { "line": 160, "column": 27 }
      },
      "70": {
        "start": { "line": 161, "column": 4 },
        "end": { "line": 161, "column": 22 }
      },
      "71": {
        "start": { "line": 162, "column": 4 },
        "end": { "line": 162, "column": 72 }
      },
      "72": {
        "start": { "line": 163, "column": 4 },
        "end": { "line": 163, "column": 75 }
      },
      "73": {
        "start": { "line": 165, "column": 4 },
        "end": { "line": 165, "column": 57 }
      },
      "74": {
        "start": { "line": 166, "column": 4 },
        "end": { "line": 168, "column": 89 }
      },
      "75": {
        "start": { "line": 175, "column": 0 },
        "end": { "line": 190, "column": 3 }
      },
      "76": {
        "start": { "line": 176, "column": 2 },
        "end": { "line": 189, "column": 3 }
      },
      "77": {
        "start": { "line": 177, "column": 17 },
        "end": { "line": 177, "column": 69 }
      },
      "78": {
        "start": { "line": 178, "column": 4 },
        "end": { "line": 180, "column": 5 }
      },
      "79": {
        "start": { "line": 179, "column": 6 },
        "end": { "line": 179, "column": 108 }
      },
      "80": {
        "start": { "line": 181, "column": 4 },
        "end": { "line": 181, "column": 24 }
      },
      "81": {
        "start": { "line": 182, "column": 4 },
        "end": { "line": 182, "column": 55 }
      },
      "82": {
        "start": { "line": 183, "column": 4 },
        "end": { "line": 183, "column": 50 }
      },
      "83": {
        "start": { "line": 185, "column": 4 },
        "end": { "line": 185, "column": 60 }
      },
      "84": {
        "start": { "line": 186, "column": 4 },
        "end": { "line": 188, "column": 89 }
      }
    },
    "fnMap": {
      "0": {
        "name": "(anonymous_0)",
        "decl": {
          "start": { "line": 11, "column": 16 },
          "end": { "line": 11, "column": 17 }
        },
        "loc": {
          "start": { "line": 12, "column": 2 },
          "end": { "line": 23, "column": 4 }
        },
        "line": 12
      },
      "1": {
        "name": "(anonymous_1)",
        "decl": {
          "start": { "line": 15, "column": 10 },
          "end": { "line": 15, "column": 11 }
        },
        "loc": {
          "start": { "line": 15, "column": 19 },
          "end": { "line": 22, "column": 5 }
        },
        "line": 15
      },
      "2": {
        "name": "(anonymous_2)",
        "decl": {
          "start": { "line": 33, "column": 28 },
          "end": { "line": 33, "column": 29 }
        },
        "loc": {
          "start": { "line": 33, "column": 48 },
          "end": { "line": 69, "column": 1 }
        },
        "line": 33
      },
      "3": {
        "name": "(anonymous_3)",
        "decl": {
          "start": { "line": 76, "column": 16 },
          "end": { "line": 76, "column": 17 }
        },
        "loc": {
          "start": { "line": 76, "column": 36 },
          "end": { "line": 91, "column": 1 }
        },
        "line": 76
      },
      "4": {
        "name": "(anonymous_4)",
        "decl": {
          "start": { "line": 81, "column": 70 },
          "end": { "line": 81, "column": 71 }
        },
        "loc": {
          "start": { "line": 81, "column": 77 },
          "end": { "line": 81, "column": 87 }
        },
        "line": 81
      },
      "5": {
        "name": "(anonymous_5)",
        "decl": {
          "start": { "line": 97, "column": 19 },
          "end": { "line": 97, "column": 20 }
        },
        "loc": {
          "start": { "line": 97, "column": 39 },
          "end": { "line": 115, "column": 1 }
        },
        "line": 97
      },
      "6": {
        "name": "(anonymous_6)",
        "decl": {
          "start": { "line": 121, "column": 24 },
          "end": { "line": 121, "column": 25 }
        },
        "loc": {
          "start": { "line": 121, "column": 44 },
          "end": { "line": 134, "column": 1 }
        },
        "line": 121
      },
      "7": {
        "name": "(anonymous_7)",
        "decl": {
          "start": { "line": 140, "column": 30 },
          "end": { "line": 140, "column": 31 }
        },
        "loc": {
          "start": { "line": 140, "column": 50 },
          "end": { "line": 170, "column": 1 }
        },
        "line": 140
      },
      "8": {
        "name": "(anonymous_8)",
        "decl": {
          "start": { "line": 175, "column": 22 },
          "end": { "line": 175, "column": 23 }
        },
        "loc": {
          "start": { "line": 175, "column": 42 },
          "end": { "line": 190, "column": 1 }
        },
        "line": 175
      }
    },
    "branchMap": {
      "0": {
        "loc": {
          "start": { "line": 35, "column": 4 },
          "end": { "line": 40, "column": 5 }
        },
        "type": "if",
        "locations": [
          {
            "start": { "line": 35, "column": 4 },
            "end": { "line": 40, "column": 5 }
          },
          { "start": {}, "end": {} }
        ],
        "line": 35
      },
      "1": {
        "loc": {
          "start": { "line": 43, "column": 4 },
          "end": { "line": 48, "column": 5 }
        },
        "type": "if",
        "locations": [
          {
            "start": { "line": 43, "column": 4 },
            "end": { "line": 48, "column": 5 }
          },
          { "start": {}, "end": {} }
        ],
        "line": 43
      },
      "2": {
        "loc": {
          "start": { "line": 57, "column": 19 },
          "end": { "line": 57, "column": 68 }
        },
        "type": "binary-expr",
        "locations": [
          {
            "start": { "line": 57, "column": 19 },
            "end": { "line": 57, "column": 26 }
          },
          {
            "start": { "line": 57, "column": 30 },
            "end": { "line": 57, "column": 68 }
          }
        ],
        "line": 57
      },
      "3": {
        "loc": {
          "start": { "line": 78, "column": 26 },
          "end": { "line": 78, "column": 48 }
        },
        "type": "binary-expr",
        "locations": [
          {
            "start": { "line": 78, "column": 26 },
            "end": { "line": 78, "column": 42 }
          },
          {
            "start": { "line": 78, "column": 46 },
            "end": { "line": 78, "column": 48 }
          }
        ],
        "line": 78
      },
      "4": {
        "loc": {
          "start": { "line": 79, "column": 4 },
          "end": { "line": 82, "column": 5 }
        },
        "type": "if",
        "locations": [
          {
            "start": { "line": 79, "column": 4 },
            "end": { "line": 82, "column": 5 }
          },
          { "start": {}, "end": {} }
        ],
        "line": 79
      },
      "5": {
        "loc": {
          "start": { "line": 79, "column": 8 },
          "end": { "line": 79, "column": 43 }
        },
        "type": "binary-expr",
        "locations": [
          {
            "start": { "line": 79, "column": 8 },
            "end": { "line": 79, "column": 22 }
          },
          {
            "start": { "line": 79, "column": 26 },
            "end": { "line": 79, "column": 43 }
          }
        ],
        "line": 79
      },
      "6": {
        "loc": {
          "start": { "line": 100, "column": 4 },
          "end": { "line": 102, "column": 5 }
        },
        "type": "if",
        "locations": [
          {
            "start": { "line": 100, "column": 4 },
            "end": { "line": 102, "column": 5 }
          },
          { "start": {}, "end": {} }
        ],
        "line": 100
      },
      "7": {
        "loc": {
          "start": { "line": 104, "column": 4 },
          "end": { "line": 106, "column": 5 }
        },
        "type": "if",
        "locations": [
          {
            "start": { "line": 104, "column": 4 },
            "end": { "line": 106, "column": 5 }
          },
          { "start": {}, "end": {} }
        ],
        "line": 104
      },
      "8": {
        "loc": {
          "start": { "line": 124, "column": 4 },
          "end": { "line": 126, "column": 5 }
        },
        "type": "if",
        "locations": [
          {
            "start": { "line": 124, "column": 4 },
            "end": { "line": 126, "column": 5 }
          },
          { "start": {}, "end": {} }
        ],
        "line": 124
      },
      "9": {
        "loc": {
          "start": { "line": 143, "column": 4 },
          "end": { "line": 145, "column": 5 }
        },
        "type": "if",
        "locations": [
          {
            "start": { "line": 143, "column": 4 },
            "end": { "line": 145, "column": 5 }
          },
          { "start": {}, "end": {} }
        ],
        "line": 143
      },
      "10": {
        "loc": {
          "start": { "line": 146, "column": 4 },
          "end": { "line": 148, "column": 5 }
        },
        "type": "if",
        "locations": [
          {
            "start": { "line": 146, "column": 4 },
            "end": { "line": 148, "column": 5 }
          },
          { "start": {}, "end": {} }
        ],
        "line": 146
      },
      "11": {
        "loc": {
          "start": { "line": 153, "column": 4 },
          "end": { "line": 158, "column": 5 }
        },
        "type": "if",
        "locations": [
          {
            "start": { "line": 153, "column": 4 },
            "end": { "line": 158, "column": 5 }
          },
          { "start": {}, "end": {} }
        ],
        "line": 153
      },
      "12": {
        "loc": {
          "start": { "line": 178, "column": 4 },
          "end": { "line": 180, "column": 5 }
        },
        "type": "if",
        "locations": [
          {
            "start": { "line": 178, "column": 4 },
            "end": { "line": 180, "column": 5 }
          },
          { "start": {}, "end": {} }
        ],
        "line": 178
      }
    },
    "s": {
      "0": 1,
      "1": 1,
      "2": 2,
      "3": 5,
      "4": 5,
      "5": 5,
      "6": 0,
      "7": 1,
      "8": 1,
      "9": 3,
      "10": 3,
      "11": 1,
      "12": 1,
      "13": 2,
      "14": 2,
      "15": 0,
      "16": 0,
      "17": 2,
      "18": 2,
      "19": 2,
      "20": 2,
      "21": 2,
      "22": 2,
      "23": 2,
      "24": 0,
      "25": 0,
      "26": 1,
      "27": 2,
      "28": 2,
      "29": 2,
      "30": 1,
      "31": 1,
      "32": 2,
      "33": 1,
      "34": 1,
      "35": 0,
      "36": 0,
      "37": 1,
      "38": 2,
      "39": 2,
      "40": 2,
      "41": 1,
      "42": 1,
      "43": 1,
      "44": 0,
      "45": 1,
      "46": 1,
      "47": 0,
      "48": 0,
      "49": 1,
      "50": 1,
      "51": 1,
      "52": 1,
      "53": 0,
      "54": 1,
      "55": 0,
      "56": 0,
      "57": 1,
      "58": 2,
      "59": 2,
      "60": 2,
      "61": 0,
      "62": 2,
      "63": 1,
      "64": 1,
      "65": 1,
      "66": 1,
      "67": 1,
      "68": 0,
      "69": 1,
      "70": 1,
      "71": 1,
      "72": 1,
      "73": 0,
      "74": 0,
      "75": 1,
      "76": 1,
      "77": 1,
      "78": 1,
      "79": 0,
      "80": 1,
      "81": 1,
      "82": 1,
      "83": 0,
      "84": 0
    },
    "f": {
      "0": 2,
      "1": 5,
      "2": 3,
      "3": 2,
      "4": 2,
      "5": 2,
      "6": 1,
      "7": 2,
      "8": 1
    },
    "b": {
      "0": [1, 2],
      "1": [0, 2],
      "2": [2, 0],
      "3": [2, 1],
      "4": [1, 1],
      "5": [2, 1],
      "6": [1, 1],
      "7": [0, 1],
      "8": [0, 1],
      "9": [0, 2],
      "10": [1, 1],
      "11": [0, 1],
      "12": [0, 1]
    },
    "inputSourceMap": null,
    "_coverageSchema": "1a1c01bbd47fc00a2c39e90264f33305004495a9",
    "hash": "a89ae6969794b0397f050f5d31b5299844b846c2"
  },
  "C:\\Users\\minha\\Downloads\\BTI\\fragments-service\\backend\\src\\routes\\health.js": {
    "path": "C:\\Users\\minha\\Downloads\\BTI\\fragments-service\\backend\\src\\routes\\health.js",
    "statementMap": {
      "0": {
        "start": { "line": 3, "column": 16 },
        "end": { "line": 3, "column": 46 }
      },
      "1": {
        "start": { "line": 4, "column": 12 },
        "end": { "line": 4, "column": 41 }
      },
      "2": {
        "start": { "line": 6, "column": 15 },
        "end": { "line": 6, "column": 23 }
      },
      "3": {
        "start": { "line": 9, "column": 20 },
        "end": { "line": 9, "column": 38 }
      },
      "4": {
        "start": { "line": 10, "column": 18 },
        "end": { "line": 10, "column": 40 }
      },
      "5": {
        "start": { "line": 13, "column": 4 },
        "end": { "line": 13, "column": 72 }
      },
      "6": {
        "start": { "line": 15, "column": 16 },
        "end": { "line": 15, "column": 18 }
      },
      "7": {
        "start": { "line": 16, "column": 2 },
        "end": { "line": 17, "column": 61 }
      },
      "8": {
        "start": { "line": 16, "column": 42 },
        "end": { "line": 16, "column": 67 }
      },
      "9": {
        "start": { "line": 17, "column": 7 },
        "end": { "line": 17, "column": 61 }
      },
      "10": {
        "start": { "line": 17, "column": 32 },
        "end": { "line": 17, "column": 61 }
      },
      "11": {
        "start": { "line": 19, "column": 20 },
        "end": { "line": 22, "column": 26 }
      },
      "12": {
        "start": { "line": 24, "column": 2 },
        "end": { "line": 29, "column": 4 }
      },
      "13": {
        "start": { "line": 33, "column": 2 },
        "end": { "line": 33, "column": 84 }
      },
      "14": {
        "start": { "line": 34, "column": 2 },
        "end": { "line": 34, "column": 32 }
      },
      "15": {
        "start": { "line": 35, "column": 2 },
        "end": { "line": 35, "column": 26 }
      },
      "16": {
        "start": { "line": 36, "column": 2 },
        "end": { "line": 36, "column": 43 }
      },
      "17": {
        "start": { "line": 39, "column": 0 },
        "end": { "line": 42, "column": 3 }
      },
      "18": {
        "start": { "line": 40, "column": 2 },
        "end": { "line": 40, "column": 15 }
      },
      "19": {
        "start": { "line": 41, "column": 2 },
        "end": { "line": 41, "column": 39 }
      }
    },
    "fnMap": {
      "0": {
        "name": "about",
        "decl": {
          "start": { "line": 8, "column": 9 },
          "end": { "line": 8, "column": 14 }
        },
        "loc": {
          "start": { "line": 8, "column": 17 },
          "end": { "line": 30, "column": 1 }
        },
        "line": 8
      },
      "1": {
        "name": "noCache",
        "decl": {
          "start": { "line": 32, "column": 9 },
          "end": { "line": 32, "column": 16 }
        },
        "loc": {
          "start": { "line": 32, "column": 22 },
          "end": { "line": 37, "column": 1 }
        },
        "line": 32
      },
      "2": {
        "name": "(anonymous_2)",
        "decl": {
          "start": { "line": 39, "column": 16 },
          "end": { "line": 39, "column": 17 }
        },
        "loc": {
          "start": { "line": 39, "column": 30 },
          "end": { "line": 42, "column": 1 }
        },
        "line": 39
      }
    },
    "branchMap": {
      "0": {
        "loc": {
          "start": { "line": 13, "column": 4 },
          "end": { "line": 13, "column": 72 }
        },
        "type": "cond-expr",
        "locations": [
          {
            "start": { "line": 13, "column": 37 },
            "end": { "line": 13, "column": 47 }
          },
          {
            "start": { "line": 13, "column": 50 },
            "end": { "line": 13, "column": 72 }
          }
        ],
        "line": 13
      },
      "1": {
        "loc": {
          "start": { "line": 13, "column": 50 },
          "end": { "line": 13, "column": 72 }
        },
        "type": "binary-expr",
        "locations": [
          {
            "start": { "line": 13, "column": 50 },
            "end": { "line": 13, "column": 66 }
          },
          {
            "start": { "line": 13, "column": 70 },
            "end": { "line": 13, "column": 72 }
          }
        ],
        "line": 13
      },
      "2": {
        "loc": {
          "start": { "line": 16, "column": 2 },
          "end": { "line": 17, "column": 61 }
        },
        "type": "if",
        "locations": [
          {
            "start": { "line": 16, "column": 2 },
            "end": { "line": 17, "column": 61 }
          },
          {
            "start": { "line": 17, "column": 7 },
            "end": { "line": 17, "column": 61 }
          }
        ],
        "line": 16
      },
      "3": {
        "loc": {
          "start": { "line": 17, "column": 7 },
          "end": { "line": 17, "column": 61 }
        },
        "type": "if",
        "locations": [
          {
            "start": { "line": 17, "column": 7 },
            "end": { "line": 17, "column": 61 }
          },
          { "start": {}, "end": {} }
        ],
        "line": 17
      },
      "4": {
        "loc": {
          "start": { "line": 19, "column": 21 },
          "end": { "line": 19, "column": 45 }
        },
        "type": "binary-expr",
        "locations": [
          {
            "start": { "line": 19, "column": 21 },
            "end": { "line": 19, "column": 28 }
          },
          {
            "start": { "line": 19, "column": 32 },
            "end": { "line": 19, "column": 39 }
          },
          {
            "start": { "line": 19, "column": 43 },
            "end": { "line": 19, "column": 45 }
          }
        ],
        "line": 19
      },
      "5": {
        "loc": {
          "start": { "line": 26, "column": 12 },
          "end": { "line": 26, "column": 47 }
        },
        "type": "binary-expr",
        "locations": [
          {
            "start": { "line": 26, "column": 12 },
            "end": { "line": 26, "column": 21 }
          },
          {
            "start": { "line": 26, "column": 25 },
            "end": { "line": 26, "column": 34 }
          },
          {
            "start": { "line": 26, "column": 38 },
            "end": { "line": 26, "column": 47 }
          }
        ],
        "line": 26
      },
      "6": {
        "loc": {
          "start": { "line": 27, "column": 15 },
          "end": { "line": 27, "column": 30 }
        },
        "type": "binary-expr",
        "locations": [
          {
            "start": { "line": 27, "column": 15 },
            "end": { "line": 27, "column": 24 }
          },
          {
            "start": { "line": 27, "column": 28 },
            "end": { "line": 27, "column": 30 }
          }
        ],
        "line": 27
      },
      "7": {
        "loc": {
          "start": { "line": 28, "column": 13 },
          "end": { "line": 28, "column": 35 }
        },
        "type": "binary-expr",
        "locations": [
          {
            "start": { "line": 28, "column": 13 },
            "end": { "line": 28, "column": 24 }
          },
          {
            "start": { "line": 28, "column": 28 },
            "end": { "line": 28, "column": 35 }
          }
        ],
        "line": 28
      }
    },
    "s": {
      "0": 1,
      "1": 1,
      "2": 1,
      "3": 1,
      "4": 1,
      "5": 1,
      "6": 1,
      "7": 1,
      "8": 0,
      "9": 1,
      "10": 1,
      "11": 1,
      "12": 1,
      "13": 1,
      "14": 1,
      "15": 1,
      "16": 1,
      "17": 1,
      "18": 1,
      "19": 1
    },
    "f": { "0": 1, "1": 1, "2": 1 },
    "b": {
      "0": [1, 0],
      "1": [0, 0],
      "2": [0, 1],
      "3": [1, 0],
      "4": [1, 0, 0],
      "5": [1, 0, 0],
      "6": [1, 0],
      "7": [1, 0]
    },
    "inputSourceMap": null,
    "_coverageSchema": "1a1c01bbd47fc00a2c39e90264f33305004495a9",
    "hash": "8d4129019e1b33fb46eedb0002bc8b031d33f250"
  }
}
