TN:
SF:src\app.js
FN:24,(anonymous_0)
FN:29,(anonymous_1)
FNF:2
FNH:0
FNDA:0,(anonymous_0)
FNDA:0,(anonymous_1)
DA:10,1
DA:12,1
DA:14,1
DA:15,1
DA:17,1
DA:18,1
DA:20,1
DA:21,1
DA:22,1
DA:24,1
DA:25,0
DA:26,0
DA:29,1
DA:30,0
DA:31,0
DA:32,0
DA:33,0
LF:17
LH:11
BRDA:30,0,0,0
BRDA:30,0,1,0
BRDA:30,0,2,0
BRDA:31,1,0,0
BRDA:31,1,1,0
BRF:5
BRH:0
end_of_record
TN:
SF:src\config.js
FNF:0
FNH:0
DA:2,1
DA:4,1
DA:5,1
DA:6,1
LF:4
LH:4
BRDA:4,0,0,1
BRDA:4,0,1,0
BRDA:5,1,0,1
BRDA:5,1,1,1
BRDA:6,2,0,1
BRDA:6,2,1,0
BRF:6
BRH:4
end_of_record
TN:
SF:src\logger.js
FNF:0
FNH:0
DA:3,1
LF:1
LH:1
BRDA:4,0,0,1
BRDA:4,0,1,1
BRDA:6,1,0,1
BRDA:6,1,1,0
BRF:4
BRH:3
end_of_record
TN:
SF:src\auth\auth-middleware.js
FN:4,sha256
FN:13,authorize
FN:14,(anonymous_2)
FN:15,(anonymous_3)
FNF:4
FNH:4
FNDA:11,sha256
FNDA:1,authorize
FNDA:12,(anonymous_2)
FNDA:12,(anonymous_3)
DA:5,11
DA:14,1
DA:15,12
DA:16,12
DA:18,12
DA:19,1
DA:20,1
DA:21,0
DA:22,0
DA:24,1
DA:29,11
DA:30,11
DA:31,11
LF:13
LH:11
BRDA:16,0,0,0
BRDA:16,0,1,12
BRDA:18,1,0,1
BRDA:18,1,1,11
BRDA:19,2,0,1
BRDA:19,2,1,0
BRDA:21,3,0,0
BRDA:21,3,1,0
BRDA:29,4,0,11
BRDA:29,4,1,0
BRDA:29,4,2,0
BRF:11
BRH:5
end_of_record
TN:
SF:src\auth\basic-auth.js
FN:5,(anonymous_0)
FN:10,(anonymous_1)
FNF:2
FNH:2
FNDA:11,(anonymous_0)
FNDA:1,(anonymous_1)
DA:5,1
DA:6,11
DA:7,11
DA:10,1
LF:4
LH:4
BRDA:6,0,0,0
BRDA:6,0,1,11
BRDA:6,1,0,11
BRDA:6,1,1,11
BRF:4
BRH:3
end_of_record
TN:
SF:src\model\fragment.js
FN:18,(anonymous_0)
FN:37,(anonymous_1)
FN:47,(anonymous_2)
FN:55,(anonymous_3)
FN:61,(anonymous_4)
FN:66,(anonymous_5)
FN:80,(anonymous_6)
FN:85,(anonymous_7)
FN:92,(anonymous_8)
FN:97,(anonymous_9)
FN:99,(anonymous_10)
FNF:11
FNH:11
FNDA:22,(anonymous_0)
FNDA:9,(anonymous_1)
FNDA:8,(anonymous_2)
FNDA:2,(anonymous_3)
FNDA:1,(anonymous_4)
FNDA:14,(anonymous_5)
FNDA:7,(anonymous_6)
FNDA:7,(anonymous_7)
FNDA:2,(anonymous_8)
FNDA:2,(anonymous_9)
FNDA:6,(anonymous_10)
DA:19,22
DA:20,21
DA:21,20
DA:23,19
DA:24,19
DA:25,19
DA:26,19
DA:27,19
DA:28,19
DA:29,19
DA:31,19
DA:32,7
DA:38,9
DA:39,6
DA:41,9
DA:42,9
DA:43,9
DA:48,8
DA:49,8
DA:50,8
DA:56,2
DA:57,2
DA:62,1
DA:67,14
DA:81,7
DA:86,7
DA:87,7
DA:88,6
DA:93,2
DA:98,2
DA:99,6
LF:31
LH:31
BRDA:18,0,0,0
BRDA:18,1,0,10
BRDA:19,2,0,1
BRDA:19,2,1,21
BRDA:20,3,0,1
BRDA:20,3,1,20
BRDA:21,4,0,1
BRDA:21,4,1,19
BRDA:23,5,0,19
BRDA:23,5,1,7
BRDA:28,6,0,19
BRDA:28,6,1,7
BRDA:29,7,0,19
BRDA:29,7,1,7
BRDA:31,8,0,7
BRDA:31,8,1,12
BRDA:38,9,0,6
BRDA:38,9,1,3
BRDA:49,10,0,8
BRDA:49,10,1,0
BRDA:57,11,0,2
BRDA:57,11,1,0
BRDA:87,12,0,1
BRDA:87,12,1,6
BRF:24
BRH:21
end_of_record
TN:
SF:src\model\types.js
FN:3,mediaTypeOf
FN:8,isSupportedType
FNF:2
FNH:2
FNDA:46,mediaTypeOf
FNDA:27,isSupportedType
DA:4,46
DA:5,46
DA:9,27
LF:3
LH:3
BRDA:3,0,0,0
BRDA:8,1,0,0
BRF:2
BRH:0
end_of_record
TN:
SF:src\model\data\memory\memory-db.js
FN:7,(anonymous_0)
FN:15,writeFragment
FN:28,readFragment
FN:40,writeFragmentData
FN:54,readFragmentData
FN:65,listFragmentIds
FN:81,listFragments
FN:96,deleteFragment
FN:104,reset
FNF:9
FNH:9
FNDA:46,(anonymous_0)
FNDA:14,writeFragment
FNDA:12,readFragment
FNDA:11,writeFragmentData
FNDA:6,readFragmentData
FNDA:4,listFragmentIds
FNDA:4,listFragments
FNDA:3,deleteFragment
FNDA:4,reset
DA:4,4
DA:5,4
DA:7,46
DA:16,14
DA:17,14
DA:18,14
DA:19,14
DA:29,12
DA:30,12
DA:41,11
DA:43,11
DA:44,11
DA:45,11
DA:55,6
DA:56,6
DA:66,4
DA:67,4
DA:68,4
DA:69,9
DA:70,9
DA:73,4
DA:82,4
DA:83,4
DA:84,4
DA:85,9
DA:87,4
DA:97,3
DA:98,3
DA:99,3
DA:100,3
DA:105,4
DA:106,4
LF:32
LH:32
BRDA:16,0,0,0
BRDA:16,0,1,14
BRDA:16,1,0,14
BRDA:16,1,1,14
BRDA:30,2,0,12
BRDA:30,2,1,2
BRDA:43,3,0,8
BRDA:43,3,1,3
BRDA:43,4,0,3
BRDA:43,4,1,0
BRDA:56,5,0,6
BRDA:56,5,1,1
BRDA:69,6,0,9
BRDA:69,6,1,0
BRDA:85,7,0,9
BRDA:85,7,1,0
BRDA:100,8,0,3
BRDA:100,8,1,0
BRF:18
BRH:13
end_of_record
TN:
SF:src\routes\fragments.js
FN:11,(anonymous_0)
FN:15,(anonymous_1)
FN:33,(anonymous_2)
FN:76,(anonymous_3)
FN:81,(anonymous_4)
FN:97,(anonymous_5)
FN:121,(anonymous_6)
FN:140,(anonymous_7)
FN:175,(anonymous_8)
FNF:9
FNH:9
FNDA:2,(anonymous_0)
FNDA:5,(anonymous_1)
FNDA:3,(anonymous_2)
FNDA:2,(anonymous_3)
FNDA:2,(anonymous_4)
FNDA:2,(anonymous_5)
FNDA:1,(anonymous_6)
FNDA:2,(anonymous_7)
FNDA:1,(anonymous_8)
DA:9,1
DA:11,1
DA:12,2
DA:16,5
DA:17,5
DA:18,5
DA:20,0
DA:25,1
DA:33,1
DA:34,3
DA:35,3
DA:36,1
DA:37,1
DA:42,2
DA:43,2
DA:44,0
DA:45,0
DA:50,2
DA:55,2
DA:57,2
DA:58,2
DA:60,2
DA:61,2
DA:62,2
DA:64,0
DA:65,0
DA:76,1
DA:77,2
DA:78,2
DA:79,2
DA:80,1
DA:81,2
DA:83,1
DA:84,1
DA:86,0
DA:87,0
DA:97,1
DA:98,2
DA:99,2
DA:100,2
DA:101,1
DA:103,1
DA:104,1
DA:105,0
DA:107,1
DA:108,1
DA:110,0
DA:111,0
DA:121,1
DA:122,1
DA:123,1
DA:124,1
DA:125,0
DA:127,1
DA:129,0
DA:130,0
DA:140,1
DA:141,2
DA:142,2
DA:143,2
DA:144,0
DA:146,2
DA:147,1
DA:150,1
DA:151,1
DA:152,1
DA:153,1
DA:154,0
DA:160,1
DA:161,1
DA:162,1
DA:163,1
DA:165,0
DA:166,0
DA:175,1
DA:176,1
DA:177,1
DA:178,1
DA:179,0
DA:181,1
DA:182,1
DA:183,1
DA:185,0
DA:186,0
LF:84
LH:64
BRDA:35,0,0,1
BRDA:35,0,1,2
BRDA:43,1,0,0
BRDA:43,1,1,2
BRDA:57,2,0,2
BRDA:57,2,1,0
BRDA:78,3,0,2
BRDA:78,3,1,1
BRDA:79,4,0,1
BRDA:79,4,1,1
BRDA:79,5,0,2
BRDA:79,5,1,1
BRDA:100,6,0,1
BRDA:100,6,1,1
BRDA:104,7,0,0
BRDA:104,7,1,1
BRDA:124,8,0,0
BRDA:124,8,1,1
BRDA:143,9,0,0
BRDA:143,9,1,2
BRDA:146,10,0,1
BRDA:146,10,1,1
BRDA:153,11,0,0
BRDA:153,11,1,1
BRDA:178,12,0,0
BRDA:178,12,1,1
BRF:26
BRH:19
end_of_record
TN:
SF:src\routes\health.js
FN:8,about
FN:32,noCache
FN:39,(anonymous_2)
FNF:3
FNH:3
FNDA:1,about
FNDA:1,noCache
FNDA:1,(anonymous_2)
DA:3,1
DA:4,1
DA:6,1
DA:9,1
DA:10,1
DA:13,1
DA:15,1
DA:16,1
DA:17,1
DA:19,1
DA:24,1
DA:33,1
DA:34,1
DA:35,1
DA:36,1
DA:39,1
DA:40,1
DA:41,1
LF:18
LH:18
BRDA:13,0,0,1
BRDA:13,0,1,0
BRDA:13,1,0,0
BRDA:13,1,1,0
BRDA:16,2,0,0
BRDA:16,2,1,1
BRDA:17,3,0,1
BRDA:17,3,1,0
BRDA:19,4,0,1
BRDA:19,4,1,0
BRDA:19,4,2,0
BRDA:26,5,0,1
BRDA:26,5,1,0
BRDA:26,5,2,0
BRDA:27,6,0,1
BRDA:27,6,1,0
BRDA:28,7,0,1
BRDA:28,7,1,0
BRF:18
BRH:7
end_of_record
